==283162== Memcheck, a memory error detector
==283162== Copyright (C) 2002-2024, and GNU GPL'd, by Julian Seward et al.
==283162== Using Valgrind-3.25.1 and LibVEX; rerun with -h for copyright info
==283162== Command: ./ft_scop 100 100 100
==283162== Parent PID: 1680
==283162== 
==283162== 
==283162== HEAP SUMMARY:
==283162==     in use at exit: 1,677,945 bytes in 7,378 blocks
==283162==   total heap usage: 376,137 allocs, 368,759 frees, 29,448,720 bytes allocated
==283162== 
==283162== LEAK SUMMARY:
==283162==    definitely lost: 6,128 bytes in 70 blocks
==283162==    indirectly lost: 90,456 bytes in 62 blocks
==283162==      possibly lost: 404,037 bytes in 3,465 blocks
==283162==    still reachable: 1,177,324 bytes in 3,781 blocks
==283162==         suppressed: 0 bytes in 0 blocks
==283162== Rerun with --leak-check=full to see details of leaked memory
==283162== 
==283162== For lists of detected and suppressed errors, rerun with: -s
==283162== ERROR SUMMARY: 0 errors from 0 contexts (suppressed: 0 from 0)
